Arguments: 
  C:\Program Files\nodejs\node.exe C:\Program Files (x86)\Yarn\bin\yarn.js add @frontendmasters/pet

PATH: 
  C:\Users\laure\AppData\Roaming\npm\node_modules\npm\node_modules\npm-lifecycle\node-gyp-bin;C:\Users\laure\GitHubProjects\zookeeper\node_modules\.bin;C:\Program Files (x86)\Intel\iCLS Client\;C:\Program Files\Intel\iCLS Client\;C:\WINDOWS\system32;C:\WINDOWS;C:\WINDOWS\System32\Wbem;C:\WINDOWS\System32\WindowsPowerShell\v1.0\;C:\Program Files (x86)\Intel\Intel(R) Management Engine Components\DAL;C:\Program Files\Intel\Intel(R) Management Engine Components\DAL;C:\Program Files (x86)\Intel\Intel(R) Management Engine Components\IPT;C:\Program Files\Intel\Intel(R) Management Engine Components\IPT;C:\Program Files\dotnet\;C:\Program Files\Microsoft SQL Server\130\Tools\Binn\;C:\Program Files (x86)\Skype\Phone\;C:\Program Files (x86)\Microsoft SQL Server\Client SDK\ODBC\130\Tools\Binn\;C:\Program Files (x86)\Microsoft SQL Server\140\Tools\Binn\;C:\Program Files (x86)\Microsoft SQL Server\140\DTS\Binn\;C:\Program Files (x86)\Microsoft SQL Server\140\Tools\Binn\ManagementStudio\;C:\Program Files\TortoiseGit\bin;C:\Program Files\Microsoft\Web Platform Installer\;C:\Program Files\Microsoft Service Fabric\bin\Fabric\Fabric.Code;C:\Program Files\Microsoft SDKs\Service Fabric\Tools\ServiceFabricLocalClusterManager;C:\WINDOWS\System32\OpenSSH\;C:\Program Files\nodejs\;C:\Program Files (x86)\Yarn\bin\;C:\ProgramData\chocolatey\bin;C:\Program Files\Git\cmd;C:\Users\laure\Miniconda3;C:\Users\laure\Miniconda3\Scripts\;C:\Program Files\Intel\WiFi\bin\;C:\Program Files\Common Files\Intel\WirelessCommon\;C:\Users\laure\AppData\Local\Microsoft\WindowsApps;C:\Users\laure\AppData\Local\atom\bin;C:\Exercism;C:\Users\laure\AppData\Local\Microsoft\WindowsApps;C:\Users\laure\AppData\Roaming\npm;C:\Users\laure\AppData\Local\Programs\Microsoft VS Code\bin;C:\Users\laure\AppData\Local\Yarn\bin;C:\Program Files\JetBrains\PyCharm Community Edition 2019.2.3\bin;;

Yarn version: 
  1.17.3

Node version: 
  10.15.0

Platform: 
  win32 x64

Trace: 
  Error: EPERM: operation not permitted, unlink 'C:\Users\laure\GitHubProjects\zookeeper\node_modules\deasync\bin\win32-x64-node-10\deasync.node'

npm manifest: 
  {
    "name": "zookeeper",
    "version": "1.0.0",
    "description": "critter adoption",
    "main": "dist/main/App.js",
    "source": "src/App.js",
    "targets": {
      "main": {
        "node": [
          "^12.13.1"
        ]
      }
    },
    "dependencies": {
      "react": "16.12.0",
      "react-dom": "16.12.0"
    },
    "devDependencies": {
      "babel-eslint": "^10.0.3",
      "eslint": "^6.6.0",
      "eslint-config-prettier": "^6.7.0",
      "eslint-plugin-import": "^2.19.1",
      "eslint-plugin-jsx-a11y": "^6.2.3",
      "eslint-plugin-react": "^7.17.0",
      "eslint-plugin-react-hooks": "^2.3.0",
      "parcel-bundler": "^1.12.4",
      "prettier": "^1.19.1"
    },
    "scripts": {
      "dev": "parcel src/index.html",
      "test": "echo \"Error: no test specified\" && exit 1",
      "format": "prettier \"src/**/*.{js.html}\" --write",
      "lint": "esline \"src/**/*/.{js.jsx}\""
    },
    "repository": {
      "type": "git",
      "url": "git+https://github.com/laurenpease999/zookeeper.git"
    },
    "keywords": [
      "'React'"
    ],
    "author": "Lauren Pease",
    "license": "ISC",
    "bugs": {
      "url": "https://github.com/laurenpease999/zookeeper/issues"
    },
    "homepage": "https://github.com/laurenpease999/zookeeper#readme"
  }

yarn manifest: 
  No manifest

Lockfile: 
  No lockfile
